<?xml version="1.0" encoding="UTF-8"?>
<robot generator="Robot 7.1.1 (Python 3.13.1 on darwin)" generated="2025-01-27T05:30:02.633640" rpa="false" schemaversion="5">
<suite id="s1" name="Pakorn Soikham Allonline Workshop Group3" source="/Users/inew/Desktop/Bootcamp Automate Tester/Automate Test/robotframework_workshop/workshop_group3/pakorn_soikham_allonline_workshop_group3.robot">
<kw name="Open Web Browser" owner="keywords" type="SETUP">
<kw name="Open Browser" owner="SeleniumLibrary">
<msg time="2025-01-27T05:30:02.973081" level="INFO">Opening browser 'chrome' to base url 'https://www.allonline.7eleven.co.th/'.</msg>
<arg>url=${URL}</arg>
<arg>browser=${BROWSER}</arg>
<doc>Opens a new browser instance to the optional ``url``.</doc>
<status status="PASS" start="2025-01-27T05:30:02.972787" elapsed="4.621474"/>
</kw>
<kw name="Maximize Browser Window" owner="SeleniumLibrary">
<doc>Maximizes current browser window.</doc>
<status status="PASS" start="2025-01-27T05:30:07.595164" elapsed="0.854099"/>
</kw>
<status status="PASS" start="2025-01-27T05:30:02.972023" elapsed="5.477427"/>
</kw>
<test id="s1-t1" name="Select Products" line="14">
<kw name="Search and Select Products" owner="keywords">
<kw name="Search Product" owner="keywords">
<kw name="Wait Until Element Is Visible" owner="SeleniumLibrary">
<arg>${LOCATOR_SEARCH}</arg>
<doc>Waits until the element ``locator`` is visible.</doc>
<status status="PASS" start="2025-01-27T05:30:08.451282" elapsed="0.069821"/>
</kw>
<kw name="Input Text" owner="SeleniumLibrary">
<msg time="2025-01-27T05:30:08.522032" level="INFO">Typing text 'AMARIT คอลลาเจน 30 แคปซูล' into text field 'name=q'.</msg>
<arg>${LOCATOR_SEARCH}</arg>
<arg>${Search Keyword}</arg>
<doc>Types the given ``text`` into the text field identified by ``locator``.</doc>
<status status="PASS" start="2025-01-27T05:30:08.521451" elapsed="0.238088"/>
</kw>
<arg>${Search Keyword}</arg>
<status status="PASS" start="2025-01-27T05:30:08.450976" elapsed="0.308689"/>
</kw>
<kw name="Press Enter" owner="keywords">
<kw name="Press Keys" owner="SeleniumLibrary">
<msg time="2025-01-27T05:30:08.760791" level="INFO">Sending key(s) ('RETURN',) to page.</msg>
<msg time="2025-01-27T05:30:08.761159" level="INFO">Pressing special key RETURN to browser.</msg>
<msg time="2025-01-27T05:30:08.761259" level="INFO">Releasing special key RETURN.</msg>
<arg>None</arg>
<arg>RETURN</arg>
<doc>Simulates the user pressing key(s) to an element or on the active browser.</doc>
<status status="PASS" start="2025-01-27T05:30:08.760178" elapsed="2.198674"/>
</kw>
<status status="PASS" start="2025-01-27T05:30:08.759852" elapsed="2.199392"/>
</kw>
<kw name="Review Search Results" owner="keywords">
<kw name="Wait Until Page Contains" owner="SeleniumLibrary">
<arg>${expected_keyword}</arg>
<arg>10s</arg>
<doc>Waits until ``text`` appears on the current page.</doc>
<status status="PASS" start="2025-01-27T05:30:10.960228" elapsed="0.157336"/>
</kw>
<arg>${Search Results}</arg>
<status status="PASS" start="2025-01-27T05:30:10.959682" elapsed="0.158004"/>
</kw>
<kw name="Select Product" owner="keywords">
<kw name="Wait Until Element Is Visible" owner="SeleniumLibrary">
<arg>${LOCATOR_PRODUCT_ITEM}</arg>
<arg>10s</arg>
<doc>Waits until the element ``locator`` is visible.</doc>
<status status="PASS" start="2025-01-27T05:30:11.118211" elapsed="0.025150"/>
</kw>
<kw name="Click Element" owner="SeleniumLibrary">
<msg time="2025-01-27T05:30:11.150457" level="INFO">Clicking element 'xpath=//*[@id="page"]/div[2]/div[2]/div/div/div[2]/div/div/div/div/div/div[3]/div[1]/div/a[1]/div/img'.</msg>
<arg>${LOCATOR_PRODUCT_ITEM}</arg>
<doc>Click the element identified by ``locator``.</doc>
<status status="PASS" start="2025-01-27T05:30:11.145912" elapsed="0.911232"/>
</kw>
<kw name="Wait Until Page Contains" owner="SeleniumLibrary">
<arg>${Product}</arg>
<doc>Waits until ``text`` appears on the current page.</doc>
<status status="PASS" start="2025-01-27T05:30:12.057328" elapsed="0.019798"/>
</kw>
<kw name="Click Button" owner="SeleniumLibrary">
<msg time="2025-01-27T05:30:12.077573" level="INFO">Clicking button 'css=button[class='btn btn-addtocart btn-green gradient broad add-to-cart add-to-cart-cls-mobile']'.</msg>
<arg>${LOCATOR_BTN_ADD_TO_CART}</arg>
<doc>Clicks the button identified by ``locator``.</doc>
<status status="PASS" start="2025-01-27T05:30:12.077337" elapsed="0.100160"/>
</kw>
<arg>${Search Keyword}</arg>
<status status="PASS" start="2025-01-27T05:30:11.117886" elapsed="1.059750"/>
</kw>
<arg>${PRODUCT_ITEM_1}</arg>
<arg>AMARIT คอลลาเจน 30 แคปซูล</arg>
<status status="PASS" start="2025-01-27T05:30:08.450487" elapsed="3.727245"/>
</kw>
<kw name="Search and Select Products" owner="keywords">
<kw name="Search Product" owner="keywords">
<kw name="Wait Until Element Is Visible" owner="SeleniumLibrary">
<arg>${LOCATOR_SEARCH}</arg>
<doc>Waits until the element ``locator`` is visible.</doc>
<status status="PASS" start="2025-01-27T05:30:12.184402" elapsed="0.023281"/>
</kw>
<kw name="Input Text" owner="SeleniumLibrary">
<msg time="2025-01-27T05:30:12.208114" level="INFO">Typing text 'แอคเน่-เอด ลิควิด 100 มล.' into text field 'name=q'.</msg>
<arg>${LOCATOR_SEARCH}</arg>
<arg>${Search Keyword}</arg>
<doc>Types the given ``text`` into the text field identified by ``locator``.</doc>
<status status="PASS" start="2025-01-27T05:30:12.207868" elapsed="0.172897"/>
</kw>
<arg>${Search Keyword}</arg>
<status status="PASS" start="2025-01-27T05:30:12.179346" elapsed="0.201547"/>
</kw>
<kw name="Press Enter" owner="keywords">
<kw name="Press Keys" owner="SeleniumLibrary">
<msg time="2025-01-27T05:30:12.381795" level="INFO">Sending key(s) ('RETURN',) to page.</msg>
<msg time="2025-01-27T05:30:12.381886" level="INFO">Pressing special key RETURN to browser.</msg>
<msg time="2025-01-27T05:30:12.381932" level="INFO">Releasing special key RETURN.</msg>
<arg>None</arg>
<arg>RETURN</arg>
<doc>Simulates the user pressing key(s) to an element or on the active browser.</doc>
<status status="PASS" start="2025-01-27T05:30:12.381390" elapsed="3.659712"/>
</kw>
<status status="PASS" start="2025-01-27T05:30:12.381066" elapsed="3.660202"/>
</kw>
<kw name="Review Search Results" owner="keywords">
<kw name="Wait Until Page Contains" owner="SeleniumLibrary">
<arg>${expected_keyword}</arg>
<arg>10s</arg>
<doc>Waits until ``text`` appears on the current page.</doc>
<status status="PASS" start="2025-01-27T05:30:16.042051" elapsed="0.176638"/>
</kw>
<arg>${Search Results}</arg>
<status status="PASS" start="2025-01-27T05:30:16.041613" elapsed="0.177191"/>
</kw>
<kw name="Select Product" owner="keywords">
<kw name="Wait Until Element Is Visible" owner="SeleniumLibrary">
<arg>${LOCATOR_PRODUCT_ITEM}</arg>
<arg>10s</arg>
<doc>Waits until the element ``locator`` is visible.</doc>
<status status="PASS" start="2025-01-27T05:30:16.219288" elapsed="0.057628"/>
</kw>
<kw name="Click Element" owner="SeleniumLibrary">
<msg time="2025-01-27T05:30:16.277329" level="INFO">Clicking element 'xpath=//*[@id="page"]/div[2]/div[2]/div/div/div[2]/div/div/div/div/div/div[3]/div[1]/div/a[1]/div/img'.</msg>
<arg>${LOCATOR_PRODUCT_ITEM}</arg>
<doc>Click the element identified by ``locator``.</doc>
<status status="PASS" start="2025-01-27T05:30:16.277110" elapsed="0.658595"/>
</kw>
<kw name="Wait Until Page Contains" owner="SeleniumLibrary">
<arg>${Product}</arg>
<doc>Waits until ``text`` appears on the current page.</doc>
<status status="PASS" start="2025-01-27T05:30:16.935889" elapsed="0.082143"/>
</kw>
<kw name="Click Button" owner="SeleniumLibrary">
<msg time="2025-01-27T05:30:17.018436" level="INFO">Clicking button 'css=button[class='btn btn-addtocart btn-green gradient broad add-to-cart add-to-cart-cls-mobile']'.</msg>
<arg>${LOCATOR_BTN_ADD_TO_CART}</arg>
<doc>Clicks the button identified by ``locator``.</doc>
<status status="PASS" start="2025-01-27T05:30:17.018219" elapsed="0.122660"/>
</kw>
<arg>${Search Keyword}</arg>
<status status="PASS" start="2025-01-27T05:30:16.218982" elapsed="0.922076"/>
</kw>
<arg>${PRODUCT_ITEM_2}</arg>
<arg>แอคเน่-เอด ลิควิด 100 มล.</arg>
<status status="PASS" start="2025-01-27T05:30:12.178798" elapsed="4.962348"/>
</kw>
<kw name="Search and Select Products" owner="keywords">
<kw name="Search Product" owner="keywords">
<kw name="Wait Until Element Is Visible" owner="SeleniumLibrary">
<arg>${LOCATOR_SEARCH}</arg>
<doc>Waits until the element ``locator`` is visible.</doc>
<status status="PASS" start="2025-01-27T05:30:17.142994" elapsed="0.018290"/>
</kw>
<kw name="Input Text" owner="SeleniumLibrary">
<msg time="2025-01-27T05:30:17.161709" level="INFO">Typing text 'มาลี น้ำส้มแมนดาริน 100% 1,000 มล.' into text field 'name=q'.</msg>
<arg>${LOCATOR_SEARCH}</arg>
<arg>${Search Keyword}</arg>
<doc>Types the given ``text`` into the text field identified by ``locator``.</doc>
<status status="PASS" start="2025-01-27T05:30:17.161465" elapsed="0.167981"/>
</kw>
<arg>${Search Keyword}</arg>
<status status="PASS" start="2025-01-27T05:30:17.142692" elapsed="0.187095"/>
</kw>
<kw name="Press Enter" owner="keywords">
<kw name="Press Keys" owner="SeleniumLibrary">
<msg time="2025-01-27T05:30:17.333577" level="INFO">Sending key(s) ('RETURN',) to page.</msg>
<msg time="2025-01-27T05:30:17.333860" level="INFO">Pressing special key RETURN to browser.</msg>
<msg time="2025-01-27T05:30:17.334004" level="INFO">Releasing special key RETURN.</msg>
<arg>None</arg>
<arg>RETURN</arg>
<doc>Simulates the user pressing key(s) to an element or on the active browser.</doc>
<status status="PASS" start="2025-01-27T05:30:17.331438" elapsed="2.293744"/>
</kw>
<status status="PASS" start="2025-01-27T05:30:17.330137" elapsed="2.295167"/>
</kw>
<kw name="Review Search Results" owner="keywords">
<kw name="Wait Until Page Contains" owner="SeleniumLibrary">
<arg>${expected_keyword}</arg>
<arg>10s</arg>
<doc>Waits until ``text`` appears on the current page.</doc>
<status status="PASS" start="2025-01-27T05:30:19.626223" elapsed="0.294830"/>
</kw>
<arg>${Search Results}</arg>
<status status="PASS" start="2025-01-27T05:30:19.625468" elapsed="0.295721"/>
</kw>
<kw name="Select Product" owner="keywords">
<kw name="Wait Until Element Is Visible" owner="SeleniumLibrary">
<arg>${LOCATOR_PRODUCT_ITEM}</arg>
<arg>10s</arg>
<doc>Waits until the element ``locator`` is visible.</doc>
<status status="PASS" start="2025-01-27T05:30:19.921685" elapsed="0.017511"/>
</kw>
<kw name="Click Element" owner="SeleniumLibrary">
<msg time="2025-01-27T05:30:19.939576" level="INFO">Clicking element 'xpath=//*[@id="page"]/div[2]/div[2]/div/div/div[2]/div/div/div/div/div/div[3]/div[1]/div/a[1]/div/img'.</msg>
<arg>${LOCATOR_PRODUCT_ITEM}</arg>
<doc>Click the element identified by ``locator``.</doc>
<status status="PASS" start="2025-01-27T05:30:19.939374" elapsed="0.500453"/>
</kw>
<kw name="Wait Until Page Contains" owner="SeleniumLibrary">
<arg>${Product}</arg>
<doc>Waits until ``text`` appears on the current page.</doc>
<status status="PASS" start="2025-01-27T05:30:20.440158" elapsed="0.132294"/>
</kw>
<kw name="Click Button" owner="SeleniumLibrary">
<msg time="2025-01-27T05:30:20.573244" level="INFO">Clicking button 'css=button[class='btn btn-addtocart btn-green gradient broad add-to-cart add-to-cart-cls-mobile']'.</msg>
<arg>${LOCATOR_BTN_ADD_TO_CART}</arg>
<doc>Clicks the button identified by ``locator``.</doc>
<status status="PASS" start="2025-01-27T05:30:20.572946" elapsed="0.110698"/>
</kw>
<arg>${Search Keyword}</arg>
<status status="PASS" start="2025-01-27T05:30:19.921367" elapsed="0.762391"/>
</kw>
<arg>${PRODUCT_ITEM_3}</arg>
<arg>มาลี น้ำส้มแมนดาริน 100% 1,000 มล.</arg>
<status status="PASS" start="2025-01-27T05:30:17.142154" elapsed="3.541674"/>
</kw>
<status status="PASS" start="2025-01-27T05:30:08.449647" elapsed="12.234450"/>
</test>
<test id="s1-t2" name="Review Cart and Proceed to Checkout" line="21">
<kw name="Open Shopping Cart" owner="keywords">
<kw name="Double Click Element" owner="SeleniumLibrary">
<msg time="2025-01-27T05:30:20.686616" level="INFO">Double clicking element 'id=mini-basket'.</msg>
<arg>${LOCATOR_MINI_BASKET}</arg>
<doc>Double clicks the element identified by ``locator``.</doc>
<status status="PASS" start="2025-01-27T05:30:20.686388" elapsed="1.245354"/>
</kw>
<kw name="Wait Until Page Contains" owner="SeleniumLibrary">
<arg>ตะกร้าของฉัน</arg>
<arg>10s</arg>
<doc>Waits until ``text`` appears on the current page.</doc>
<status status="PASS" start="2025-01-27T05:30:21.931956" elapsed="0.045142"/>
</kw>
<status status="PASS" start="2025-01-27T05:30:20.685545" elapsed="1.291746"/>
</kw>
<kw name="Review and Checkout" owner="keywords">
<kw name="Check Product Details" owner="keywords">
<kw name="Element Should Contain" owner="SeleniumLibrary">
<msg time="2025-01-27T05:30:22.074461" level="INFO">Element 'xpath=//a[contains(text(), 'AMARIT คอลลาเจน 30 แคปซูล')]' contains text 'AMARIT คอลลาเจน 30 แคปซูล'.</msg>
<arg>${xpath_Name}</arg>
<arg>${Product_Name}</arg>
<doc>Verifies that element ``locator`` contains text ``expected``.</doc>
<status status="PASS" start="2025-01-27T05:30:21.979917" elapsed="0.094646"/>
</kw>
<kw name="Element Attribute Value Should Be" owner="SeleniumLibrary">
<msg time="2025-01-27T05:30:22.132561" level="INFO">Element 'css=input[value='1']' attribute 'value' contains value '1'.</msg>
<arg>${xpath_Quantity}</arg>
<arg>value</arg>
<arg>${Quantity_Expected}</arg>
<doc>Verifies element identified by ``locator`` contains expected attribute value.</doc>
<status status="PASS" start="2025-01-27T05:30:22.074773" elapsed="0.057884"/>
</kw>
<kw name="Element Text Should Be" owner="SeleniumLibrary">
<msg time="2025-01-27T05:30:22.133088" level="INFO">Verifying element 'xpath=//span[@class='highlight' and contains(text(), '฿ 119')]' contains exact text '฿ 119'.</msg>
<arg>${xpath_Price}</arg>
<arg>${Price_Expected}</arg>
<doc>Verifies that element ``locator`` contains exact the text ``expected``.</doc>
<status status="PASS" start="2025-01-27T05:30:22.132841" elapsed="0.016150"/>
</kw>
<arg>${xpath_Name}</arg>
<arg>${Product_Name}</arg>
<arg>${xpath_Quantity}</arg>
<arg>${Quantity_Expected}</arg>
<arg>${xpath_Price}</arg>
<arg>${Price_Expected}</arg>
<status status="PASS" start="2025-01-27T05:30:21.979047" elapsed="0.170149"/>
</kw>
<arg>${LOCATOR_PRODUCT_NAME_ITEM_1}</arg>
<arg>${PRODUCT_ITEM_1}</arg>
<arg>${LOCATOR_PRODUCT_QTY_ITEM_1}</arg>
<arg>${PRODUCT_QTY}</arg>
<arg>${LOCATOR_PRODUCT_PRICE_ITEM_1}</arg>
<arg>${PRODUCT_PRICE_ITEM_1}</arg>
<status status="PASS" start="2025-01-27T05:30:21.977731" elapsed="0.171568"/>
</kw>
<kw name="Review and Checkout" owner="keywords">
<kw name="Check Product Details" owner="keywords">
<kw name="Element Should Contain" owner="SeleniumLibrary">
<msg time="2025-01-27T05:30:22.167472" level="INFO">Element 'xpath=//a[contains(text(), 'แอคเน่-เอด ลิควิด 100 มล.')]' contains text 'แอคเน่-เอด ลิควิด 100 มล.'.</msg>
<arg>${xpath_Name}</arg>
<arg>${Product_Name}</arg>
<doc>Verifies that element ``locator`` contains text ``expected``.</doc>
<status status="PASS" start="2025-01-27T05:30:22.150425" elapsed="0.017134"/>
</kw>
<kw name="Element Attribute Value Should Be" owner="SeleniumLibrary">
<msg time="2025-01-27T05:30:22.183581" level="INFO">Element 'css=input[value='1']' attribute 'value' contains value '1'.</msg>
<arg>${xpath_Quantity}</arg>
<arg>value</arg>
<arg>${Quantity_Expected}</arg>
<doc>Verifies element identified by ``locator`` contains expected attribute value.</doc>
<status status="PASS" start="2025-01-27T05:30:22.167714" elapsed="0.015953"/>
</kw>
<kw name="Element Text Should Be" owner="SeleniumLibrary">
<msg time="2025-01-27T05:30:22.184133" level="INFO">Verifying element 'xpath=//span[@class='highlight' and contains(text(), '฿ 225')]' contains exact text '฿ 225'.</msg>
<arg>${xpath_Price}</arg>
<arg>${Price_Expected}</arg>
<doc>Verifies that element ``locator`` contains exact the text ``expected``.</doc>
<status status="PASS" start="2025-01-27T05:30:22.183849" elapsed="0.016078"/>
</kw>
<arg>${xpath_Name}</arg>
<arg>${Product_Name}</arg>
<arg>${xpath_Quantity}</arg>
<arg>${Quantity_Expected}</arg>
<arg>${xpath_Price}</arg>
<arg>${Price_Expected}</arg>
<status status="PASS" start="2025-01-27T05:30:22.150026" elapsed="0.050021"/>
</kw>
<arg>${LOCATOR_PRODUCT_NAME_ITEM_2}</arg>
<arg>${PRODUCT_ITEM_2}</arg>
<arg>${LOCATOR_PRODUCT_QTY_ITEM_2}</arg>
<arg>${PRODUCT_QTY}</arg>
<arg>${LOCATOR_PRODUCT_PRICE_ITEM_2}</arg>
<arg>${PRODUCT_PRICE_ITEM_2}</arg>
<status status="PASS" start="2025-01-27T05:30:22.149546" elapsed="0.050736"/>
</kw>
<kw name="Review and Checkout" owner="keywords">
<kw name="Check Product Details" owner="keywords">
<kw name="Element Should Contain" owner="SeleniumLibrary">
<msg time="2025-01-27T05:30:22.221569" level="INFO">Element 'xpath=//a[contains(text(), 'มาลี น้ำส้มแมนดาริน 100% 1,000 มล.')]' contains text 'มาลี น้ำส้มแมนดาริน 100% 1,000 มล.'.</msg>
<arg>${xpath_Name}</arg>
<arg>${Product_Name}</arg>
<doc>Verifies that element ``locator`` contains text ``expected``.</doc>
<status status="PASS" start="2025-01-27T05:30:22.201512" elapsed="0.020149"/>
</kw>
<kw name="Element Attribute Value Should Be" owner="SeleniumLibrary">
<msg time="2025-01-27T05:30:22.234814" level="INFO">Element 'css=input[value='1']' attribute 'value' contains value '1'.</msg>
<arg>${xpath_Quantity}</arg>
<arg>value</arg>
<arg>${Quantity_Expected}</arg>
<doc>Verifies element identified by ``locator`` contains expected attribute value.</doc>
<status status="PASS" start="2025-01-27T05:30:22.221826" elapsed="0.013190"/>
</kw>
<kw name="Element Text Should Be" owner="SeleniumLibrary">
<msg time="2025-01-27T05:30:22.235402" level="INFO">Verifying element 'xpath=//span[@class='highlight' and contains(text(), '฿ 149')]' contains exact text '฿ 149'.</msg>
<arg>${xpath_Price}</arg>
<arg>${Price_Expected}</arg>
<doc>Verifies that element ``locator`` contains exact the text ``expected``.</doc>
<status status="PASS" start="2025-01-27T05:30:22.235179" elapsed="0.016131"/>
</kw>
<arg>${xpath_Name}</arg>
<arg>${Product_Name}</arg>
<arg>${xpath_Quantity}</arg>
<arg>${Quantity_Expected}</arg>
<arg>${xpath_Price}</arg>
<arg>${Price_Expected}</arg>
<status status="PASS" start="2025-01-27T05:30:22.201030" elapsed="0.050445"/>
</kw>
<arg>${LOCATOR_PRODUCT_NAME_ITEM_3}</arg>
<arg>${PRODUCT_ITEM_3}</arg>
<arg>${LOCATOR_PRODUCT_QTY_ITEM_3}</arg>
<arg>${PRODUCT_QTY}</arg>
<arg>${LOCATOR_PRODUCT_PRICE_ITEM_3}</arg>
<arg>${PRODUCT_PRICE_ITEM_3}</arg>
<status status="PASS" start="2025-01-27T05:30:22.200565" elapsed="0.051032"/>
</kw>
<kw name="Check Total Price" owner="keywords">
<kw name="Element Text Should Be" owner="SeleniumLibrary">
<msg time="2025-01-27T05:30:22.253227" level="INFO">Verifying element 'xpath=//span[@class='Ao' and contains(text(), '฿ 493')]' contains exact text '฿ 493'.</msg>
<arg>${xpath_TotalPrice}</arg>
<arg>${Expected_TotalPrice}</arg>
<doc>Verifies that element ``locator`` contains exact the text ``expected``.</doc>
<status status="PASS" start="2025-01-27T05:30:22.252846" elapsed="0.016886"/>
</kw>
<arg>${LOCATOR_TOTAL_PRICE}</arg>
<arg>${TOTAL_PRICE}</arg>
<status status="PASS" start="2025-01-27T05:30:22.252113" elapsed="0.017728"/>
</kw>
<kw name="Proceed to Payment" owner="keywords">
<kw name="Execute Javascript" owner="SeleniumLibrary">
<msg time="2025-01-27T05:30:22.271387" level="INFO">Executing JavaScript:
document.querySelector("a.btn-proceed").click();
Without any arguments.</msg>
<arg>document.querySelector("a.btn-proceed").click();</arg>
<doc>Executes the given JavaScript code with possible arguments.</doc>
<status status="PASS" start="2025-01-27T05:30:22.270731" elapsed="0.806560"/>
</kw>
<kw name="Wait Until Page Contains" owner="SeleniumLibrary">
<arg>สามารถเข้าใช้งานด้วยบัญชีเดียวกับ 7 App</arg>
<arg>10s</arg>
<doc>Waits until ``text`` appears on the current page.</doc>
<status status="PASS" start="2025-01-27T05:30:23.077550" elapsed="0.030006"/>
</kw>
<kw name="Login" owner="keywords">
<kw name="Get Env Variable" owner="env_keywords">
<msg time="2025-01-27T05:30:23.110980" level="INFO">${u} = vrnew@hotmail.com</msg>
<var>${u}</var>
<arg>username</arg>
<status status="PASS" start="2025-01-27T05:30:23.108385" elapsed="0.002657"/>
</kw>
<kw name="Get Env Variable" owner="env_keywords">
<msg time="2025-01-27T05:30:23.112433" level="INFO">${p} = New@190388S</msg>
<var>${p}</var>
<arg>password</arg>
<status status="PASS" start="2025-01-27T05:30:23.111199" elapsed="0.001322"/>
</kw>
<kw name="Wait Until Element Is Visible" owner="SeleniumLibrary">
<arg>name=email</arg>
<arg>10s</arg>
<doc>Waits until the element ``locator`` is visible.</doc>
<status status="PASS" start="2025-01-27T05:30:23.112906" elapsed="0.026337"/>
</kw>
<kw name="Input Text" owner="SeleniumLibrary">
<msg time="2025-01-27T05:30:23.139672" level="INFO">Typing text 'vrnew@hotmail.com' into text field 'name=email'.</msg>
<arg>name=email</arg>
<arg>${u}</arg>
<doc>Types the given ``text`` into the text field identified by ``locator``.</doc>
<status status="PASS" start="2025-01-27T05:30:23.139436" elapsed="0.178218"/>
</kw>
<kw name="Input Password" owner="SeleniumLibrary">
<msg time="2025-01-27T05:30:23.318081" level="INFO">Typing password into text field 'name=password'.</msg>
<msg time="2025-01-27T05:30:23.360302" level="INFO">Temporally setting log level to: NONE</msg>
<arg>name=password</arg>
<arg>${p}</arg>
<doc>Types the given password into the text field identified by ``locator``.</doc>
<status status="PASS" start="2025-01-27T05:30:23.317854" elapsed="0.136726"/>
</kw>
<kw name="Click Element" owner="SeleniumLibrary">
<msg time="2025-01-27T05:30:23.455167" level="INFO">Clicking element 'xpath=//*[@id="__next"]/div/div/div[2]/div[2]/div/div/div/div[6]/a[1]'.</msg>
<arg>${LOCATOR_BTN_LOGIN}</arg>
<doc>Click the element identified by ``locator``.</doc>
<status status="PASS" start="2025-01-27T05:30:23.454848" elapsed="0.168544"/>
</kw>
<status status="PASS" start="2025-01-27T05:30:23.107946" elapsed="0.515787"/>
</kw>
<kw name="Wait Until Page Contains" owner="SeleniumLibrary">
<arg>รายละเอียดการจัดส่งสินค้า</arg>
<arg>10s</arg>
<doc>Waits until ``text`` appears on the current page.</doc>
<status status="PASS" start="2025-01-27T05:30:23.624094" elapsed="6.767467"/>
</kw>
<kw name="Execute Javascript" owner="SeleniumLibrary">
<msg time="2025-01-27T05:30:30.392156" level="INFO">Executing JavaScript:
document.querySelector("button#continue-payment-btn").click();
Without any arguments.</msg>
<arg>document.querySelector("button#continue-payment-btn").click();</arg>
<doc>Executes the given JavaScript code with possible arguments.</doc>
<status status="PASS" start="2025-01-27T05:30:30.391759" elapsed="0.004558"/>
</kw>
<kw name="Wait Until Page Contains" owner="SeleniumLibrary">
<arg>วิธีการชำระเงิน</arg>
<doc>Waits until ``text`` appears on the current page.</doc>
<status status="PASS" start="2025-01-27T05:30:30.396478" elapsed="0.013012"/>
</kw>
<status status="PASS" start="2025-01-27T05:30:22.270099" elapsed="8.139500"/>
</kw>
<status status="PASS" start="2025-01-27T05:30:20.684708" elapsed="9.725169"/>
</test>
<test id="s1-t3" name="Select Delivery Method" line="42">
<kw name="Enter Store Code" owner="keywords">
<kw name="Wait Until Element Is Visible" owner="SeleniumLibrary">
<arg>${LOCATOR_STORE_FINDER}</arg>
<arg>10s</arg>
<doc>Waits until the element ``locator`` is visible.</doc>
<status status="PASS" start="2025-01-27T05:30:30.410997" elapsed="0.022599"/>
</kw>
<kw name="Execute Javascript" owner="SeleniumLibrary">
<msg time="2025-01-27T05:30:30.434169" level="INFO">Executing JavaScript:
document.querySelector('button[data-target="#store-number-tab"]').click()
Without any arguments.</msg>
<arg>document.querySelector('button[data-target="#store-number-tab"]').click()</arg>
<doc>Executes the given JavaScript code with possible arguments.</doc>
<status status="PASS" start="2025-01-27T05:30:30.433772" elapsed="0.020776"/>
</kw>
<kw name="Wait Until Element Is Visible" owner="SeleniumLibrary">
<arg>${LOCATOR_STORE_NUMBER_INPUT}</arg>
<doc>Waits until the element ``locator`` is visible.</doc>
<status status="PASS" start="2025-01-27T05:30:30.455140" elapsed="0.272244"/>
</kw>
<kw name="Input Text" owner="SeleniumLibrary">
<msg time="2025-01-27T05:30:30.727805" level="INFO">Typing text '18527' into text field 'id=user-storenumber-input'.</msg>
<arg>${LOCATOR_STORE_NUMBER_INPUT}</arg>
<arg>${store_id}</arg>
<doc>Types the given ``text`` into the text field identified by ``locator``.</doc>
<status status="PASS" start="2025-01-27T05:30:30.727566" elapsed="0.147930"/>
</kw>
<kw name="Click Element" owner="SeleniumLibrary">
<msg time="2025-01-27T05:30:30.875911" level="INFO">Clicking element 'id=btn-check-storenumber'.</msg>
<arg>${LOCATOR_BTN_CHK_STORE_NUMBER}</arg>
<doc>Click the element identified by ``locator``.</doc>
<status status="PASS" start="2025-01-27T05:30:30.875690" elapsed="0.087834"/>
</kw>
<kw name="Wait Until Element Is Visible" owner="SeleniumLibrary">
<arg>${LOCATOR_STORE_DETAIL}</arg>
<arg>10s</arg>
<doc>Waits until the element ``locator`` is visible.</doc>
<status status="PASS" start="2025-01-27T05:30:30.963711" elapsed="1.076844"/>
</kw>
<arg>18527</arg>
<status status="PASS" start="2025-01-27T05:30:30.410731" elapsed="1.630202"/>
</kw>
<kw name="Fill Shipping Address" owner="keywords">
<kw name="Click Element" owner="SeleniumLibrary">
<msg time="2025-01-27T05:30:32.043134" level="INFO">Clicking element 'css=a.tab-address'.</msg>
<arg>${LOCATOR_ADDRESS_TAB}</arg>
<doc>Click the element identified by ``locator``.</doc>
<status status="PASS" start="2025-01-27T05:30:32.042891" elapsed="0.096996"/>
</kw>
<kw name="Wait Until Element Is Visible" owner="SeleniumLibrary">
<arg>${LOCATOR_NEW_ADDRESS}</arg>
<doc>Waits until the element ``locator`` is visible.</doc>
<status status="PASS" start="2025-01-27T05:30:32.140143" elapsed="0.027230"/>
</kw>
<kw name="Click Element" owner="SeleniumLibrary">
<msg time="2025-01-27T05:30:32.167796" level="INFO">Clicking element 'xpath=//div[@class='new-address'][contains(text(), 'เพิ่มที่อยู่ใหม่')]'.</msg>
<arg>${LOCATOR_NEW_ADDRESS}</arg>
<doc>Click the element identified by ``locator``.</doc>
<status status="PASS" start="2025-01-27T05:30:32.167572" elapsed="0.067106"/>
</kw>
<kw name="Wait Until Element Is Visible" owner="SeleniumLibrary">
<arg>${LOCATOR_CUSTOMER_NAME}</arg>
<doc>Waits until the element ``locator`` is visible.</doc>
<status status="PASS" start="2025-01-27T05:30:32.235126" elapsed="0.020811"/>
</kw>
<kw name="Input Text" owner="SeleniumLibrary">
<msg time="2025-01-27T05:30:32.256458" level="INFO">Typing text 'ชญานิศา' into text field 'id=new-address-name'.</msg>
<arg>${LOCATOR_CUSTOMER_NAME}</arg>
<arg>${name}</arg>
<doc>Types the given ``text`` into the text field identified by ``locator``.</doc>
<status status="PASS" start="2025-01-27T05:30:32.256115" elapsed="0.108054"/>
</kw>
<kw name="Input Text" owner="SeleniumLibrary">
<msg time="2025-01-27T05:30:32.364755" level="INFO">Typing text 'วงศ์ภักดี' into text field 'id=new-address-lastname'.</msg>
<arg>${LOCATOR_CUSTOMER_LASTNAME}</arg>
<arg>${lastname}</arg>
<doc>Types the given ``text`` into the text field identified by ``locator``.</doc>
<status status="PASS" start="2025-01-27T05:30:32.364419" elapsed="0.110852"/>
</kw>
<kw name="Input Text" owner="SeleniumLibrary">
<msg time="2025-01-27T05:30:32.475688" level="INFO">Typing text '0895678912' into text field 'id=new-address-mobile'.</msg>
<arg>${LOCATOR_CUSTOMER_PHONE_NUMBER}</arg>
<arg>${phone}</arg>
<doc>Types the given ``text`` into the text field identified by ``locator``.</doc>
<status status="PASS" start="2025-01-27T05:30:32.475449" elapsed="0.132329"/>
</kw>
<kw name="Input Text" owner="SeleniumLibrary">
<msg time="2025-01-27T05:30:32.608211" level="INFO">Typing text '45/89' into text field 'id=new-address-addrno'.</msg>
<arg>${LOCATOR_CUSTOMER_ADDRESS_NUMBER}</arg>
<arg>${addr_no}</arg>
<doc>Types the given ``text`` into the text field identified by ``locator``.</doc>
<status status="PASS" start="2025-01-27T05:30:32.607968" elapsed="0.085764"/>
</kw>
<kw name="Input Text" owner="SeleniumLibrary">
<msg time="2025-01-27T05:30:32.694326" level="INFO">Typing text 'พระโขนง' into text field 'id=new-address-soi'.</msg>
<arg>${LOCATOR_CUSTOMER_ADDRESS_SOI}</arg>
<arg>${soi}</arg>
<doc>Types the given ``text`` into the text field identified by ``locator``.</doc>
<status status="PASS" start="2025-01-27T05:30:32.694071" elapsed="0.075579"/>
</kw>
<kw name="Click Element" owner="SeleniumLibrary">
<msg time="2025-01-27T05:30:32.772045" level="INFO">Clicking element 'id=select2-new-address-province-container'.</msg>
<arg>${LOCATOR_DROPDOWN_CUSTOMER_ADDRESS_PROVINCE}</arg>
<doc>Click the element identified by ``locator``.</doc>
<status status="PASS" start="2025-01-27T05:30:32.770124" elapsed="0.092389"/>
</kw>
<kw name="Input Text" owner="SeleniumLibrary">
<msg time="2025-01-27T05:30:32.863131" level="INFO">Typing text 'กรุงเทพมหานคร' into text field 'xpath=/html/body/span/span/span[1]/input'.</msg>
<arg>${LOCATOR_INPUT_LOCATION_FIELD}</arg>
<arg>${province}</arg>
<doc>Types the given ``text`` into the text field identified by ``locator``.</doc>
<status status="PASS" start="2025-01-27T05:30:32.862783" elapsed="0.101843"/>
</kw>
<kw name="Press Enter" owner="keywords">
<kw name="Press Keys" owner="SeleniumLibrary">
<msg time="2025-01-27T05:30:32.965723" level="INFO">Sending key(s) ('RETURN',) to page.</msg>
<msg time="2025-01-27T05:30:32.965839" level="INFO">Pressing special key RETURN to browser.</msg>
<msg time="2025-01-27T05:30:32.965903" level="INFO">Releasing special key RETURN.</msg>
<arg>None</arg>
<arg>RETURN</arg>
<doc>Simulates the user pressing key(s) to an element or on the active browser.</doc>
<status status="PASS" start="2025-01-27T05:30:32.965280" elapsed="0.737665"/>
</kw>
<status status="PASS" start="2025-01-27T05:30:32.964906" elapsed="0.738191"/>
</kw>
<kw name="Click Element" owner="SeleniumLibrary">
<msg time="2025-01-27T05:30:33.704567" level="INFO">Clicking element 'id=select2-new-address-district-container'.</msg>
<arg>${LOCATOR_DROPDOWN_CUSTOMER_ADDRESS_DISTRICT}</arg>
<doc>Click the element identified by ``locator``.</doc>
<status status="PASS" start="2025-01-27T05:30:33.703288" elapsed="0.072929"/>
</kw>
<kw name="Input Text" owner="SeleniumLibrary">
<msg time="2025-01-27T05:30:33.776944" level="INFO">Typing text 'คลองเตย' into text field 'xpath=/html/body/span/span/span[1]/input'.</msg>
<arg>${LOCATOR_INPUT_LOCATION_FIELD}</arg>
<arg>${district}</arg>
<doc>Types the given ``text`` into the text field identified by ``locator``.</doc>
<status status="PASS" start="2025-01-27T05:30:33.776527" elapsed="0.077532"/>
</kw>
<kw name="Press Enter" owner="keywords">
<kw name="Press Keys" owner="SeleniumLibrary">
<msg time="2025-01-27T05:30:33.854965" level="INFO">Sending key(s) ('RETURN',) to page.</msg>
<msg time="2025-01-27T05:30:33.855045" level="INFO">Pressing special key RETURN to browser.</msg>
<msg time="2025-01-27T05:30:33.855086" level="INFO">Releasing special key RETURN.</msg>
<arg>None</arg>
<arg>RETURN</arg>
<doc>Simulates the user pressing key(s) to an element or on the active browser.</doc>
<status status="PASS" start="2025-01-27T05:30:33.854614" elapsed="0.772122"/>
</kw>
<status status="PASS" start="2025-01-27T05:30:33.854342" elapsed="0.772667"/>
</kw>
<kw name="Click Element" owner="SeleniumLibrary">
<msg time="2025-01-27T05:30:34.627571" level="INFO">Clicking element 'id=select2-new-address-sub-district-container'.</msg>
<msg time="2025-01-27T05:30:35.949742" level="INFO" html="true">&lt;/td&gt;&lt;/tr&gt;&lt;tr&gt;&lt;td colspan="3"&gt;&lt;a href="selenium-screenshot-59.png"&gt;&lt;img src="selenium-screenshot-59.png" width="800px"&gt;&lt;/a&gt;</msg>
<msg time="2025-01-27T05:30:35.950128" level="FAIL">ElementClickInterceptedException: Message: element click intercepted: Element &lt;span class="select2-selection__rendered" id="select2-new-address-sub-district-container" title="..."&gt;แขวง/ตำบล&lt;/span&gt; is not clickable at point (427, 695). Other element would receive the click: &lt;div class="alert-cookie-gdpr-allonline__content"&gt;...&lt;/div&gt;
  (Session info: chrome=132.0.6834.111)
Stacktrace:
0   chromedriver                        0x000000010bfe12a8 chromedriver + 5538472
1   chromedriver                        0x000000010bfd91ea chromedriver + 5505514
2   chromedriver                        0x000000010bafa6c0 chromedriver + 399040
3   chromedriver                        0x000000010bb5130e chromedriver + 754446
4   chromedriver                        0x000000010bb4f22e chromedriver + 746030
5   chromedriver                        0x000000010bb4c982 chromedriver + 735618
6   chromedriver                        0x000000010bb4bb95 chromedriver + 732053
7   chromedriver                        0x000000010bb3e7ed chromedriver + 677869
8   chromedriver                        0x000000010bb6f582 chromedriver + 877954
9   chromedriver                        0x000000010bb3e188 chromedriver + 676232
10  chromedriver                        0x000000010bb6f73e chromedriver + 878398
11  chromedriver                        0x000000010bb8e497 chromedriver + 1004695
12  chromedriver                        0x000000010bb6f323 chromedriver + 877347
13  chromedriver                        0x000000010bb3c1f0 chromedriver + 668144
14  chromedriver                        0x000000010bb3d46e chromedriver + 672878
15  chromedriver                        0x000000010bfa64a0 chromedriver + 5297312
16  chromedriver                        0x000000010bfaa4c0 chromedriver + 5313728
17  chromedriver                        0x000000010bf881b7 chromedriver + 5173687
18  chromedriver                        0x000000010bfaae5e chromedriver + 5316190
19  chromedriver                        0x000000010bf77b94 chromedriver + 5106580
20  chromedriver                        0x000000010bfc7778 chromedriver + 5433208
21  chromedriver                        0x000000010bfc7936 chromedriver + 5433654
22  chromedriver                        0x000000010bfd8dc8 chromedriver + 5504456
23  libsystem_pthread.dylib             0x00007ff810e981d3 _pthread_start + 125
24  libsystem_pthread.dylib             0x00007ff810e93bd3 thread_start + 15
</msg>
<arg>${LOCATOR_DROPDOWN_CUSTOMER_ADDRESS_SUB_DISTRICT}</arg>
<doc>Click the element identified by ``locator``.</doc>
<status status="FAIL" start="2025-01-27T05:30:34.627169" elapsed="1.341775">ElementClickInterceptedException: Message: element click intercepted: Element &lt;span class="select2-selection__rendered" id="select2-new-address-sub-district-container" title="..."&gt;แขวง/ตำบล&lt;/span&gt; is not clickable at point (427, 695). Other element would receive the click: &lt;div class="alert-cookie-gdpr-allonline__content"&gt;...&lt;/div&gt;
  (Session info: chrome=132.0.6834.111)
Stacktrace:
0   chromedriver                        0x000000010bfe12a8 chromedriver + 5538472
1   chromedriver                        0x000000010bfd91ea chromedriver + 5505514
2   chromedriver                        0x000000010bafa6c0 chromedriver + 399040
3   chromedriver                        0x000000010bb5130e chromedriver + 754446
4   chromedriver                        0x000000010bb4f22e chromedriver + 746030
5   chromedriver                        0x000000010bb4c982 chromedriver + 735618
6   chromedriver                        0x000000010bb4bb95 chromedriver + 7...
    [ Message content over the limit has been removed. ]
...hromedriver                        0x000000010bb3d46e chromedriver + 672878
15  chromedriver                        0x000000010bfa64a0 chromedriver + 5297312
16  chromedriver                        0x000000010bfaa4c0 chromedriver + 5313728
17  chromedriver                        0x000000010bf881b7 chromedriver + 5173687
18  chromedriver                        0x000000010bfaae5e chromedriver + 5316190
19  chromedriver                        0x000000010bf77b94 chromedriver + 5106580
20  chromedriver                        0x000000010bfc7778 chromedriver + 5433208
21  chromedriver                        0x000000010bfc7936 chromedriver + 5433654
22  chromedriver                        0x000000010bfd8dc8 chromedriver + 5504456
23  libsystem_pthread.dylib             0x00007ff810e981d3 _pthread_start + 125
24  libsystem_pthread.dylib             0x00007ff810e93bd3 thread_start + 15</status>
</kw>
<kw name="Input Text" owner="SeleniumLibrary">
<arg>${LOCATOR_INPUT_LOCATION_FIELD}</arg>
<arg>${sub_district}</arg>
<doc>Types the given ``text`` into the text field identified by ``locator``.</doc>
<status status="NOT RUN" start="2025-01-27T05:30:35.969360" elapsed="0.000068"/>
</kw>
<kw name="Press Enter" owner="keywords">
<status status="NOT RUN" start="2025-01-27T05:30:35.970308" elapsed="0.000081"/>
</kw>
<kw name="Wait Until Element Is Visible" owner="SeleniumLibrary">
<arg>${LOCATOR_BTN_SELECT_LOCATION}</arg>
<arg>20s</arg>
<doc>Waits until the element ``locator`` is visible.</doc>
<status status="NOT RUN" start="2025-01-27T05:30:35.970682" elapsed="0.000097"/>
</kw>
<kw name="Scroll Element Into View" owner="SeleniumLibrary">
<arg>${LOCATOR_BTN_SELECT_LOCATION}</arg>
<doc>Scrolls the element identified by ``locator`` into view.</doc>
<status status="NOT RUN" start="2025-01-27T05:30:35.971020" elapsed="0.000049"/>
</kw>
<kw name="Click Element" owner="SeleniumLibrary">
<arg>${LOCATOR_BTN_SELECT_LOCATION}</arg>
<doc>Click the element identified by ``locator``.</doc>
<status status="NOT RUN" start="2025-01-27T05:30:35.971252" elapsed="0.000043"/>
</kw>
<kw name="Wait Until Element Is Visible" owner="SeleniumLibrary">
<arg>${LOCATOR_BTN_SELECT_ADDR}</arg>
<arg>30s</arg>
<doc>Waits until the element ``locator`` is visible.</doc>
<status status="NOT RUN" start="2025-01-27T05:30:35.971524" elapsed="0.000051"/>
</kw>
<kw name="Scroll Element Into View" owner="SeleniumLibrary">
<arg>${LOCATOR_BTN_SELECT_ADDR}</arg>
<doc>Scrolls the element identified by ``locator`` into view.</doc>
<status status="NOT RUN" start="2025-01-27T05:30:35.971768" elapsed="0.000071"/>
</kw>
<kw name="Click Element" owner="SeleniumLibrary">
<arg>${LOCATOR_BTN_SELECT_ADDR}</arg>
<doc>Click the element identified by ``locator``.</doc>
<status status="NOT RUN" start="2025-01-27T05:30:35.972317" elapsed="0.000047"/>
</kw>
<kw name="Wait Until Element Is Visible" owner="SeleniumLibrary">
<arg>${LOCATOR_BTN_CONTINUE_PAYMENT}</arg>
<arg>10s</arg>
<doc>Waits until the element ``locator`` is visible.</doc>
<status status="NOT RUN" start="2025-01-27T05:30:35.972541" elapsed="0.000045"/>
</kw>
<kw name="Wait Until Element Is Enabled" owner="SeleniumLibrary">
<arg>${LOCATOR_BTN_CONTINUE_PAYMENT}</arg>
<arg>10s</arg>
<doc>Waits until the element ``locator`` is enabled.</doc>
<status status="NOT RUN" start="2025-01-27T05:30:35.972775" elapsed="0.000044"/>
</kw>
<kw name="Execute Javascript" owner="SeleniumLibrary">
<arg>document.getElementById("continue-payment-btn").click()</arg>
<doc>Executes the given JavaScript code with possible arguments.</doc>
<status status="NOT RUN" start="2025-01-27T05:30:35.972982" elapsed="0.000042"/>
</kw>
<arg>ชญานิศา</arg>
<arg>วงศ์ภักดี</arg>
<arg>0895678912</arg>
<arg>45/89</arg>
<arg>พระโขนง</arg>
<arg>กรุงเทพมหานคร</arg>
<arg>คลองเตย</arg>
<arg>คลองเตย</arg>
<arg>10110</arg>
<status status="FAIL" start="2025-01-27T05:30:32.042058" elapsed="3.931255">ElementClickInterceptedException: Message: element click intercepted: Element &lt;span class="select2-selection__rendered" id="select2-new-address-sub-district-container" title="..."&gt;แขวง/ตำบล&lt;/span&gt; is not clickable at point (427, 695). Other element would receive the click: &lt;div class="alert-cookie-gdpr-allonline__content"&gt;...&lt;/div&gt;
  (Session info: chrome=132.0.6834.111)
Stacktrace:
0   chromedriver                        0x000000010bfe12a8 chromedriver + 5538472
1   chromedriver                        0x000000010bfd91ea chromedriver + 5505514
2   chromedriver                        0x000000010bafa6c0 chromedriver + 399040
3   chromedriver                        0x000000010bb5130e chromedriver + 754446
4   chromedriver                        0x000000010bb4f22e chromedriver + 746030
5   chromedriver                        0x000000010bb4c982 chromedriver + 735618
6   chromedriver                        0x000000010bb4bb95 chromedriver + 7...
    [ Message content over the limit has been removed. ]
...hromedriver                        0x000000010bb3d46e chromedriver + 672878
15  chromedriver                        0x000000010bfa64a0 chromedriver + 5297312
16  chromedriver                        0x000000010bfaa4c0 chromedriver + 5313728
17  chromedriver                        0x000000010bf881b7 chromedriver + 5173687
18  chromedriver                        0x000000010bfaae5e chromedriver + 5316190
19  chromedriver                        0x000000010bf77b94 chromedriver + 5106580
20  chromedriver                        0x000000010bfc7778 chromedriver + 5433208
21  chromedriver                        0x000000010bfc7936 chromedriver + 5433654
22  chromedriver                        0x000000010bfd8dc8 chromedriver + 5504456
23  libsystem_pthread.dylib             0x00007ff810e981d3 _pthread_start + 125
24  libsystem_pthread.dylib             0x00007ff810e93bd3 thread_start + 15</status>
</kw>
<status status="FAIL" start="2025-01-27T05:30:30.410303" elapsed="5.563428">ElementClickInterceptedException: Message: element click intercepted: Element &lt;span class="select2-selection__rendered" id="select2-new-address-sub-district-container" title="..."&gt;แขวง/ตำบล&lt;/span&gt; is not clickable at point (427, 695). Other element would receive the click: &lt;div class="alert-cookie-gdpr-allonline__content"&gt;...&lt;/div&gt;
  (Session info: chrome=132.0.6834.111)
Stacktrace:
0   chromedriver                        0x000000010bfe12a8 chromedriver + 5538472
1   chromedriver                        0x000000010bfd91ea chromedriver + 5505514
2   chromedriver                        0x000000010bafa6c0 chromedriver + 399040
3   chromedriver                        0x000000010bb5130e chromedriver + 754446
4   chromedriver                        0x000000010bb4f22e chromedriver + 746030
5   chromedriver                        0x000000010bb4c982 chromedriver + 735618
6   chromedriver                        0x000000010bb4bb95 chromedriver + 7...
    [ Message content over the limit has been removed. ]
...hromedriver                        0x000000010bb3d46e chromedriver + 672878
15  chromedriver                        0x000000010bfa64a0 chromedriver + 5297312
16  chromedriver                        0x000000010bfaa4c0 chromedriver + 5313728
17  chromedriver                        0x000000010bf881b7 chromedriver + 5173687
18  chromedriver                        0x000000010bfaae5e chromedriver + 5316190
19  chromedriver                        0x000000010bf77b94 chromedriver + 5106580
20  chromedriver                        0x000000010bfc7778 chromedriver + 5433208
21  chromedriver                        0x000000010bfc7936 chromedriver + 5433654
22  chromedriver                        0x000000010bfd8dc8 chromedriver + 5504456
23  libsystem_pthread.dylib             0x00007ff810e981d3 _pthread_start + 125
24  libsystem_pthread.dylib             0x00007ff810e93bd3 thread_start + 15</status>
</test>
<test id="s1-t4" name="Cash Payment at 7-Eleven Completed" line="58">
<kw name="Pay with Cash at 7-Eleven" owner="keywords">
<kw name="Wait Until Page Contains" owner="SeleniumLibrary">
<arg>วิธีการชำระเงิน</arg>
<doc>Waits until ``text`` appears on the current page.</doc>
<status status="PASS" start="2025-01-27T05:30:35.975658" elapsed="0.017882"/>
</kw>
<kw name="Wait Until Element Is Visible" owner="SeleniumLibrary">
<msg time="2025-01-27T05:30:46.263301" level="INFO" html="true">&lt;/td&gt;&lt;/tr&gt;&lt;tr&gt;&lt;td colspan="3"&gt;&lt;a href="selenium-screenshot-60.png"&gt;&lt;img src="selenium-screenshot-60.png" width="800px"&gt;&lt;/a&gt;</msg>
<msg time="2025-01-27T05:30:46.263440" level="FAIL">Element 'xpath=//*[@id="payment-options"]/div[3]/button' not visible after 10 seconds.</msg>
<arg>${LOCATOR_PAYMENT_OPTION_TAB}</arg>
<arg>10s</arg>
<doc>Waits until the element ``locator`` is visible.</doc>
<status status="FAIL" start="2025-01-27T05:30:35.993787" elapsed="10.279752">Element 'xpath=//*[@id="payment-options"]/div[3]/button' not visible after 10 seconds.</status>
</kw>
<kw name="Click Element" owner="SeleniumLibrary">
<arg>${LOCATOR_PAYMENT_OPTION_TAB}</arg>
<doc>Click the element identified by ``locator``.</doc>
<status status="NOT RUN" start="2025-01-27T05:30:46.273943" elapsed="0.000078"/>
</kw>
<kw name="Wait Until Element Is Visible" owner="SeleniumLibrary">
<arg>${LOCATOR_PAYMENT_CASE_INFO}</arg>
<doc>Waits until the element ``locator`` is visible.</doc>
<status status="NOT RUN" start="2025-01-27T05:30:46.274219" elapsed="0.000043"/>
</kw>
<kw name="Product Details" owner="keywords">
<status status="NOT RUN" start="2025-01-27T05:30:46.274494" elapsed="0.000047"/>
</kw>
<kw name="Execute Javascript" owner="SeleniumLibrary">
<arg>document.querySelector(".alert-cookie-gdpr-allonline").style.display = "none";</arg>
<doc>Executes the given JavaScript code with possible arguments.</doc>
<status status="NOT RUN" start="2025-01-27T05:30:46.274702" elapsed="0.000058"/>
</kw>
<kw name="Sleep" owner="BuiltIn">
<arg>2s</arg>
<doc>Pauses the test executed for the given time.</doc>
<status status="NOT RUN" start="2025-01-27T05:30:46.275001" elapsed="0.000064"/>
</kw>
<kw name="Click Element" owner="SeleniumLibrary">
<arg>${LOCATOR_BTN_ORDER}</arg>
<doc>Click the element identified by ``locator``.</doc>
<status status="NOT RUN" start="2025-01-27T05:30:46.275292" elapsed="0.000045"/>
</kw>
<kw name="Log To Console" owner="BuiltIn">
<arg>message=Navigate to order details page...</arg>
<doc>Logs the given message to the console.</doc>
<status status="NOT RUN" start="2025-01-27T05:30:46.275554" elapsed="0.000043"/>
</kw>
<kw name="Order Details" owner="keywords">
<status status="NOT RUN" start="2025-01-27T05:30:46.276118" elapsed="0.000052"/>
</kw>
<status status="FAIL" start="2025-01-27T05:30:35.975208" elapsed="10.301117">Element 'xpath=//*[@id="payment-options"]/div[3]/button' not visible after 10 seconds.</status>
</kw>
<status status="FAIL" start="2025-01-27T05:30:35.974622" elapsed="10.301991">Element 'xpath=//*[@id="payment-options"]/div[3]/button' not visible after 10 seconds.</status>
</test>
<kw name="Close All Browsers" owner="SeleniumLibrary" type="TEARDOWN">
<doc>Closes all open browsers and resets the browser cache.</doc>
<status status="PASS" start="2025-01-27T05:30:46.277602" elapsed="0.316478"/>
</kw>
<status status="FAIL" start="2025-01-27T05:30:02.635037" elapsed="43.959206"/>
</suite>
<statistics>
<total>
<stat pass="2" fail="2" skip="0">All Tests</stat>
</total>
<tag>
</tag>
<suite>
<stat pass="2" fail="2" skip="0" id="s1" name="Pakorn Soikham Allonline Workshop Group3">Pakorn Soikham Allonline Workshop Group3</stat>
</suite>
</statistics>
<errors>
</errors>
</robot>
